<?xml version="1.0" encoding="UTF-8"?>
<!-- Generated by org.testng.reporters.JUnitReportReporter -->
<testsuite hostname="INFXMUM-LP-0406" failures="0" tests="1" name="cucumberOptions.TestNGTestRunner" time="6.768" errors="0" timestamp="2022-12-28T22:27:19 IST" skipped="0">
  <testcase classname="cucumberOptions.TestNGTestRunner" name="runScenario" time="6.768"/>
  <system-out/>
</testsuite> <!-- cucumberOptions.TestNGTestRunner -->
